  modelerapp.cpp
modelerapp.cpp(41): warning C4996: 'strncpy': This function or variable may be unsafe. Consider using strncpy_s instead. To disable deprecation, use _CRT_SECURE_NO_WARNINGS. See online help for details.
  C:\Program Files (x86)\Windows Kits\10\Include\10.0.10240.0\ucrt\string.h(346): note: 請參閱 'strncpy' 的宣告
modelerapp.cpp(132): warning C4244: '引數': 將 'double' 轉換為 'float'，由於類型不同，可能導致資料遺失
  modelerui.cpp
modelerui.cpp(57): warning C4996: '_splitpath': This function or variable may be unsafe. Consider using _splitpath_s instead. To disable deprecation, use _CRT_SECURE_NO_WARNINGS. See online help for details.
  C:\Program Files (x86)\Windows Kits\10\Include\10.0.10240.0\ucrt\stdlib.h(1096): note: 請參閱 '_splitpath' 的宣告
modelerui.cpp(86): warning C4996: '_splitpath': This function or variable may be unsafe. Consider using _splitpath_s instead. To disable deprecation, use _CRT_SECURE_NO_WARNINGS. See online help for details.
  C:\Program Files (x86)\Windows Kits\10\Include\10.0.10240.0\ucrt\stdlib.h(1096): note: 請參閱 '_splitpath' 的宣告
modelerui.cpp(109): warning C4996: '_splitpath': This function or variable may be unsafe. Consider using _splitpath_s instead. To disable deprecation, use _CRT_SECURE_NO_WARNINGS. See online help for details.
  C:\Program Files (x86)\Windows Kits\10\Include\10.0.10240.0\ucrt\stdlib.h(1096): note: 請參閱 '_splitpath' 的宣告
modelerui.cpp(246): warning C4244: '引數': 將 'double' 轉換為 'int'，由於類型不同，可能導致資料遺失
modelerui.cpp(398): warning C4244: '正在初始化': 將 'double' 轉換為 'float'，由於類型不同，可能導致資料遺失
modelerui.cpp(399): warning C4244: '正在初始化': 將 'double' 轉換為 'float'，由於類型不同，可能導致資料遺失
modelerui.cpp(425): warning C4244: '正在初始化': 將 'double' 轉換為 'float'，由於類型不同，可能導致資料遺失
modelerui.cpp(437): warning C4244: '正在初始化': 將 'double' 轉換為 'float'，由於類型不同，可能導致資料遺失
modelerui.cpp(450): warning C4244: '引數': 將 'double' 轉換為 'float'，由於類型不同，可能導致資料遺失
modelerui.cpp(460): warning C4244: '引數': 將 'double' 轉換為 'float'，由於類型不同，可能導致資料遺失
modelerui.cpp(470): warning C4244: '引數': 將 'double' 轉換為 'float'，由於類型不同，可能導致資料遺失
modelerui.cpp(561): warning C4244: '正在初始化': 將 'double' 轉換為 'float'，由於類型不同，可能導致資料遺失
modelerui.cpp(643): warning C4996: '_snprintf': This function or variable may be unsafe. Consider using _snprintf_s instead. To disable deprecation, use _CRT_SECURE_NO_WARNINGS. See online help for details.
  C:\Program Files (x86)\Windows Kits\10\Include\10.0.10240.0\ucrt\stdio.h(1952): note: 請參閱 '_snprintf' 的宣告
modelerui.cpp(721): warning C4996: '_snprintf': This function or variable may be unsafe. Consider using _snprintf_s instead. To disable deprecation, use _CRT_SECURE_NO_WARNINGS. See online help for details.
  C:\Program Files (x86)\Windows Kits\10\Include\10.0.10240.0\ucrt\stdio.h(1952): note: 請參閱 '_snprintf' 的宣告
modelerui.cpp(746): warning C4996: '_snprintf': This function or variable may be unsafe. Consider using _snprintf_s instead. To disable deprecation, use _CRT_SECURE_NO_WARNINGS. See online help for details.
  C:\Program Files (x86)\Windows Kits\10\Include\10.0.10240.0\ucrt\stdio.h(1952): note: 請參閱 '_snprintf' 的宣告
modelerui.cpp(765): warning C4244: 'return': 將 'double' 轉換為 'float'，由於類型不同，可能導致資料遺失
modelerui.cpp(808): warning C4996: '_snprintf': This function or variable may be unsafe. Consider using _snprintf_s instead. To disable deprecation, use _CRT_SECURE_NO_WARNINGS. See online help for details.
  C:\Program Files (x86)\Windows Kits\10\Include\10.0.10240.0\ucrt\stdio.h(1952): note: 請參閱 '_snprintf' 的宣告
  modelerview.cpp
  ourModel.cpp
ourModel.cpp(24): warning C4244: '正在初始化': 將 'double' 轉換為 'float'，由於類型不同，可能導致資料遺失
ourModel.cpp(25): warning C4244: '正在初始化': 將 'double' 轉換為 'float'，由於類型不同，可能導致資料遺失
ourModel.cpp(31): warning C4244: '正在初始化': 將 'double' 轉換為 'float'，由於類型不同，可能導致資料遺失
ourModel.cpp(34): warning C4244: '引數': 將 'double' 轉換為 'const float'，由於類型不同，可能導致資料遺失
ourModel.cpp(38): warning C4244: '引數': 將 'double' 轉換為 'const float'，由於類型不同，可能導致資料遺失
ourModel.cpp(42): warning C4244: '引數': 將 'double' 轉換為 'const float'，由於類型不同，可能導致資料遺失
ourModel.cpp(46): warning C4244: '引數': 將 'double' 轉換為 'const float'，由於類型不同，可能導致資料遺失
ourModel.cpp(53): warning C4244: '正在初始化': 將 'double' 轉換為 'float'，由於類型不同，可能導致資料遺失
ourModel.cpp(54): warning C4244: '正在初始化': 將 'double' 轉換為 'float'，由於類型不同，可能導致資料遺失
ourModel.cpp(72): warning C4244: '正在初始化': 將 'double' 轉換為 'float'，由於類型不同，可能導致資料遺失
ourModel.cpp(75): warning C4244: '引數': 將 'double' 轉換為 'const float'，由於類型不同，可能導致資料遺失
ourModel.cpp(79): warning C4244: '引數': 將 'double' 轉換為 'const float'，由於類型不同，可能導致資料遺失
ourModel.cpp(83): warning C4244: '引數': 將 'double' 轉換為 'const float'，由於類型不同，可能導致資料遺失
ourModel.cpp(87): warning C4244: '引數': 將 'double' 轉換為 'const float'，由於類型不同，可能導致資料遺失
ourModel.cpp(95): warning C4244: '正在初始化': 將 'double' 轉換為 'float'，由於類型不同，可能導致資料遺失
ourModel.cpp(96): warning C4244: '正在初始化': 將 'double' 轉換為 'float'，由於類型不同，可能導致資料遺失
ourModel.cpp(124): warning C4244: '正在初始化': 將 'double' 轉換為 'float'，由於類型不同，可能導致資料遺失
ourModel.cpp(127): warning C4244: '引數': 將 'double' 轉換為 'const float'，由於類型不同，可能導致資料遺失
ourModel.cpp(131): warning C4244: '引數': 將 'double' 轉換為 'const float'，由於類型不同，可能導致資料遺失
ourModel.cpp(135): warning C4244: '引數': 將 'double' 轉換為 'const float'，由於類型不同，可能導致資料遺失
ourModel.cpp(139): warning C4244: '引數': 將 'double' 轉換為 'const float'，由於類型不同，可能導致資料遺失
ourModel.cpp(195): warning C4244: '引數': 將 'const double' 轉換為 'GLfloat'，由於類型不同，可能導致資料遺失
ourModel.cpp(196): warning C4244: '引數': 將 'const double' 轉換為 'GLfloat'，由於類型不同，可能導致資料遺失
ourModel.cpp(197): warning C4244: '引數': 將 'const double' 轉換為 'GLfloat'，由於類型不同，可能導致資料遺失
ourModel.cpp(198): warning C4244: '引數': 將 'const double' 轉換為 'GLfloat'，由於類型不同，可能導致資料遺失
ourModel.cpp(278): warning C4305: '正在初始化': 從 'double' 轉換為 'float'，是由較大的類型轉換為較小的類型，可能導致資料遺失
ourModel.cpp(348): warning C4244: '引數': 將 'double' 轉換為 'GLclampf'，由於類型不同，可能導致資料遺失
ourModel.cpp(350): warning C4838: 從 'double' 到 'GLfloat' 的轉換必須是縮小轉換
ourModel.cpp(350): warning C4244: '正在初始化': 將 'double' 轉換為 'GLfloat'，由於類型不同，可能導致資料遺失
ourModel.cpp(352): warning C4838: 從 'double' 到 'GLfloat' 的轉換必須是縮小轉換
ourModel.cpp(352): warning C4244: '正在初始化': 將 'double' 轉換為 'GLfloat'，由於類型不同，可能導致資料遺失
ourModel.cpp(424): warning C4244: '正在初始化': 將 'double' 轉換為 'float'，由於類型不同，可能導致資料遺失
ourModel.cpp(426): warning C4244: '正在初始化': 將 'double' 轉換為 'float'，由於類型不同，可能導致資料遺失
ourModel.cpp(427): warning C4305: '正在初始化': 從 'double' 轉換為 'float'，是由較大的類型轉換為較小的類型，可能導致資料遺失
ourModel.cpp(428): warning C4305: '正在初始化': 從 'double' 轉換為 'float'，是由較大的類型轉換為較小的類型，可能導致資料遺失
ourModel.cpp(429): warning C4305: '正在初始化': 從 'double' 轉換為 'float'，是由較大的類型轉換為較小的類型，可能導致資料遺失
ourModel.cpp(430): warning C4305: '正在初始化': 從 'double' 轉換為 'float'，是由較大的類型轉換為較小的類型，可能導致資料遺失
ourModel.cpp(434): warning C4244: '正在初始化': 將 'double' 轉換為 'float'，由於類型不同，可能導致資料遺失
ourModel.cpp(435): warning C4244: '正在初始化': 將 'double' 轉換為 'float'，由於類型不同，可能導致資料遺失
ourModel.cpp(436): warning C4305: '正在初始化': 從 'double' 轉換為 'float'，是由較大的類型轉換為較小的類型，可能導致資料遺失
ourModel.cpp(438): warning C4305: '正在初始化': 從 'double' 轉換為 'float'，是由較大的類型轉換為較小的類型，可能導致資料遺失
ourModel.cpp(439): warning C4305: '正在初始化': 從 'double' 轉換為 'float'，是由較大的類型轉換為較小的類型，可能導致資料遺失
ourModel.cpp(440): warning C4305: '正在初始化': 從 'double' 轉換為 'float'，是由較大的類型轉換為較小的類型，可能導致資料遺失
ourModel.cpp(441): warning C4305: '正在初始化': 從 'double' 轉換為 'float'，是由較大的類型轉換為較小的類型，可能導致資料遺失
ourModel.cpp(443): warning C4305: '正在初始化': 從 'double' 轉換為 'float'，是由較大的類型轉換為較小的類型，可能導致資料遺失
ourModel.cpp(444): warning C4244: '正在初始化': 將 'double' 轉換為 'float'，由於類型不同，可能導致資料遺失
ourModel.cpp(522): warning C4244: '引數': 將 'double' 轉換為 'int'，由於類型不同，可能導致資料遺失
ourModel.cpp(522): warning C4244: '引數': 將 'double' 轉換為 'const float'，由於類型不同，可能導致資料遺失
ourModel.cpp(555): warning C4244: '引數': 將 'double' 轉換為 'int'，由於類型不同，可能導致資料遺失
ourModel.cpp(555): warning C4244: '引數': 將 'double' 轉換為 'const float'，由於類型不同，可能導致資料遺失
ourModel.cpp(646): warning C4244: '=': 將 'double' 轉換為 'float'，由於類型不同，可能導致資料遺失
ourModel.cpp(647): warning C4305: '引數': 從 'double' 轉換為 'const float'，是由較大的類型轉換為較小的類型，可能導致資料遺失
ourModel.cpp(662): warning C4244: '引數': 將 'double' 轉換為 'float'，由於類型不同，可能導致資料遺失
ourModel.cpp(793): warning C4305: '引數': 從 'double' 轉換為 'float'，是由較大的類型轉換為較小的類型，可能導致資料遺失
ourModel.cpp(794): warning C4305: '引數': 從 'double' 轉換為 'float'，是由較大的類型轉換為較小的類型，可能導致資料遺失
ourModel.cpp(795): warning C4305: '引數': 從 'double' 轉換為 'float'，是由較大的類型轉換為較小的類型，可能導致資料遺失
  正在產生程式碼...
fltk.lib(case.obj) : warning LNK4204: 'C:\Users\vivia\Documents\study\comp4411\animator\Animator\Release\vc140.pdb' 遺漏參考模組的偵錯資訊，當做沒有偵錯資訊，連結物件
fltk.lib(filename_absolute.obj) : warning LNK4204: 'C:\Users\vivia\Documents\study\comp4411\animator\Animator\Release\vc140.pdb' 遺漏參考模組的偵錯資訊，當做沒有偵錯資訊，連結物件
fltk.lib(filename_expand.obj) : warning LNK4204: 'C:\Users\vivia\Documents\study\comp4411\animator\Animator\Release\vc140.pdb' 遺漏參考模組的偵錯資訊，當做沒有偵錯資訊，連結物件
fltk.lib(filename_isdir.obj) : warning LNK4204: 'C:\Users\vivia\Documents\study\comp4411\animator\Animator\Release\vc140.pdb' 遺漏參考模組的偵錯資訊，當做沒有偵錯資訊，連結物件
fltk.lib(filename_list.obj) : warning LNK4204: 'C:\Users\vivia\Documents\study\comp4411\animator\Animator\Release\vc140.pdb' 遺漏參考模組的偵錯資訊，當做沒有偵錯資訊，連結物件
fltk.lib(filename_match.obj) : warning LNK4204: 'C:\Users\vivia\Documents\study\comp4411\animator\Animator\Release\vc140.pdb' 遺漏參考模組的偵錯資訊，當做沒有偵錯資訊，連結物件
fltk.lib(Fl.obj) : warning LNK4204: 'C:\Users\vivia\Documents\study\comp4411\animator\Animator\Release\vc140.pdb' 遺漏參考模組的偵錯資訊，當做沒有偵錯資訊，連結物件
fltk.lib(Fl_abort.obj) : warning LNK4204: 'C:\Users\vivia\Documents\study\comp4411\animator\Animator\Release\vc140.pdb' 遺漏參考模組的偵錯資訊，當做沒有偵錯資訊，連結物件
fltk.lib(fl_arc.obj) : warning LNK4204: 'C:\Users\vivia\Documents\study\comp4411\animator\Animator\Release\vc140.pdb' 遺漏參考模組的偵錯資訊，當做沒有偵錯資訊，連結物件
fltk.lib(fl_arci.obj) : warning LNK4204: 'C:\Users\vivia\Documents\study\comp4411\animator\Animator\Release\vc140.pdb' 遺漏參考模組的偵錯資訊，當做沒有偵錯資訊，連結物件
fltk.lib(fl_ask.obj) : warning LNK4204: 'C:\Users\vivia\Documents\study\comp4411\animator\Animator\Release\vc140.pdb' 遺漏參考模組的偵錯資訊，當做沒有偵錯資訊，連結物件
fltk.lib(Fl_Bitmap.obj) : warning LNK4204: 'C:\Users\vivia\Documents\study\comp4411\animator\Animator\Release\vc140.pdb' 遺漏參考模組的偵錯資訊，當做沒有偵錯資訊，連結物件
fltk.lib(Fl_Box.obj) : warning LNK4204: 'C:\Users\vivia\Documents\study\comp4411\animator\Animator\Release\vc140.pdb' 遺漏參考模組的偵錯資訊，當做沒有偵錯資訊，連結物件
fltk.lib(fl_boxtype.obj) : warning LNK4204: 'C:\Users\vivia\Documents\study\comp4411\animator\Animator\Release\vc140.pdb' 遺漏參考模組的偵錯資訊，當做沒有偵錯資訊，連結物件
fltk.lib(Fl_Browser.obj) : warning LNK4204: 'C:\Users\vivia\Documents\study\comp4411\animator\Animator\Release\vc140.pdb' 遺漏參考模組的偵錯資訊，當做沒有偵錯資訊，連結物件
fltk.lib(Fl_Browser_.obj) : warning LNK4204: 'C:\Users\vivia\Documents\study\comp4411\animator\Animator\Release\vc140.pdb' 遺漏參考模組的偵錯資訊，當做沒有偵錯資訊，連結物件
fltk.lib(Fl_Button.obj) : warning LNK4204: 'C:\Users\vivia\Documents\study\comp4411\animator\Animator\Release\vc140.pdb' 遺漏參考模組的偵錯資訊，當做沒有偵錯資訊，連結物件
fltk.lib(Fl_Check_Button.obj) : warning LNK4204: 'C:\Users\vivia\Documents\study\comp4411\animator\Animator\Release\vc140.pdb' 遺漏參考模組的偵錯資訊，當做沒有偵錯資訊，連結物件
fltk.lib(Fl_Choice.obj) : warning LNK4204: 'C:\Users\vivia\Documents\study\comp4411\animator\Animator\Release\vc140.pdb' 遺漏參考模組的偵錯資訊，當做沒有偵錯資訊，連結物件
fltk.lib(fl_color.obj) : warning LNK4204: 'C:\Users\vivia\Documents\study\comp4411\animator\Animator\Release\vc140.pdb' 遺漏參考模組的偵錯資訊，當做沒有偵錯資訊，連結物件
fltk.lib(Fl_compose.obj) : warning LNK4204: 'C:\Users\vivia\Documents\study\comp4411\animator\Animator\Release\vc140.pdb' 遺漏參考模組的偵錯資訊，當做沒有偵錯資訊，連結物件
fltk.lib(fl_cursor.obj) : warning LNK4204: 'C:\Users\vivia\Documents\study\comp4411\animator\Animator\Release\vc140.pdb' 遺漏參考模組的偵錯資訊，當做沒有偵錯資訊，連結物件
fltk.lib(fl_curve.obj) : warning LNK4204: 'C:\Users\vivia\Documents\study\comp4411\animator\Animator\Release\vc140.pdb' 遺漏參考模組的偵錯資訊，當做沒有偵錯資訊，連結物件
fltk.lib(Fl_Device.obj) : warning LNK4204: 'C:\Users\vivia\Documents\study\comp4411\animator\Animator\Release\vc140.pdb' 遺漏參考模組的偵錯資訊，當做沒有偵錯資訊，連結物件
fltk.lib(fl_dnd.obj) : warning LNK4204: 'C:\Users\vivia\Documents\study\comp4411\animator\Animator\Release\vc140.pdb' 遺漏參考模組的偵錯資訊，當做沒有偵錯資訊，連結物件
fltk.lib(Fl_Double_Window.obj) : warning LNK4204: 'C:\Users\vivia\Documents\study\comp4411\animator\Animator\Release\vc140.pdb' 遺漏參考模組的偵錯資訊，當做沒有偵錯資訊，連結物件
fltk.lib(fl_draw.obj) : warning LNK4204: 'C:\Users\vivia\Documents\study\comp4411\animator\Animator\Release\vc140.pdb' 遺漏參考模組的偵錯資訊，當做沒有偵錯資訊，連結物件
fltk.lib(fl_draw_image.obj) : warning LNK4204: 'C:\Users\vivia\Documents\study\comp4411\animator\Animator\Release\vc140.pdb' 遺漏參考模組的偵錯資訊，當做沒有偵錯資訊，連結物件
fltk.lib(fl_draw_pixmap.obj) : warning LNK4204: 'C:\Users\vivia\Documents\study\comp4411\animator\Animator\Release\vc140.pdb' 遺漏參考模組的偵錯資訊，當做沒有偵錯資訊，連結物件
fltk.lib(Fl_File_Browser.obj) : warning LNK4204: 'C:\Users\vivia\Documents\study\comp4411\animator\Animator\Release\vc140.pdb' 遺漏參考模組的偵錯資訊，當做沒有偵錯資訊，連結物件
fltk.lib(Fl_File_Chooser.obj) : warning LNK4204: 'C:\Users\vivia\Documents\study\comp4411\animator\Animator\Release\vc140.pdb' 遺漏參考模組的偵錯資訊，當做沒有偵錯資訊，連結物件
fltk.lib(Fl_File_Chooser2.obj) : warning LNK4204: 'C:\Users\vivia\Documents\study\comp4411\animator\Animator\Release\vc140.pdb' 遺漏參考模組的偵錯資訊，當做沒有偵錯資訊，連結物件
fltk.lib(fl_file_dir.obj) : warning LNK4204: 'C:\Users\vivia\Documents\study\comp4411\animator\Animator\Release\vc140.pdb' 遺漏參考模組的偵錯資訊，當做沒有偵錯資訊，連結物件
fltk.lib(Fl_File_Icon.obj) : warning LNK4204: 'C:\Users\vivia\Documents\study\comp4411\animator\Animator\Release\vc140.pdb' 遺漏參考模組的偵錯資訊，當做沒有偵錯資訊，連結物件
fltk.lib(Fl_File_Input.obj) : warning LNK4204: 'C:\Users\vivia\Documents\study\comp4411\animator\Animator\Release\vc140.pdb' 遺漏參考模組的偵錯資訊，當做沒有偵錯資訊，連結物件
fltk.lib(fl_font.obj) : warning LNK4204: 'C:\Users\vivia\Documents\study\comp4411\animator\Animator\Release\vc140.pdb' 遺漏參考模組的偵錯資訊，當做沒有偵錯資訊，連結物件
fltk.lib(Fl_get_system_colors.obj) : warning LNK4204: 'C:\Users\vivia\Documents\study\comp4411\animator\Animator\Release\vc140.pdb' 遺漏參考模組的偵錯資訊，當做沒有偵錯資訊，連結物件
fltk.lib(Fl_grab.obj) : warning LNK4204: 'C:\Users\vivia\Documents\study\comp4411\animator\Animator\Release\vc140.pdb' 遺漏參考模組的偵錯資訊，當做沒有偵錯資訊，連結物件
fltk.lib(Fl_Group.obj) : warning LNK4204: 'C:\Users\vivia\Documents\study\comp4411\animator\Animator\Release\vc140.pdb' 遺漏參考模組的偵錯資訊，當做沒有偵錯資訊，連結物件
fltk.lib(fl_gtk.obj) : warning LNK4204: 'C:\Users\vivia\Documents\study\comp4411\animator\Animator\Release\vc140.pdb' 遺漏參考模組的偵錯資訊，當做沒有偵錯資訊，連結物件
fltk.lib(fl_gleam.obj) : warning LNK4204: 'C:\Users\vivia\Documents\study\comp4411\animator\Animator\Release\vc140.pdb' 遺漏參考模組的偵錯資訊，當做沒有偵錯資訊，連結物件
fltk.lib(Fl_Image.obj) : warning LNK4204: 'C:\Users\vivia\Documents\study\comp4411\animator\Animator\Release\vc140.pdb' 遺漏參考模組的偵錯資訊，當做沒有偵錯資訊，連結物件
fltk.lib(Fl_Input.obj) : warning LNK4204: 'C:\Users\vivia\Documents\study\comp4411\animator\Animator\Release\vc140.pdb' 遺漏參考模組的偵錯資訊，當做沒有偵錯資訊，連結物件
fltk.lib(Fl_Input_.obj) : warning LNK4204: 'C:\Users\vivia\Documents\study\comp4411\animator\Animator\Release\vc140.pdb' 遺漏參考模組的偵錯資訊，當做沒有偵錯資訊，連結物件
fltk.lib(fl_labeltype.obj) : warning LNK4204: 'C:\Users\vivia\Documents\study\comp4411\animator\Animator\Release\vc140.pdb' 遺漏參考模組的偵錯資訊，當做沒有偵錯資訊，連結物件
fltk.lib(Fl_Light_Button.obj) : warning LNK4204: 'C:\Users\vivia\Documents\study\comp4411\animator\Animator\Release\vc140.pdb' 遺漏參考模組的偵錯資訊，當做沒有偵錯資訊，連結物件
fltk.lib(fl_line_style.obj) : warning LNK4204: 'C:\Users\vivia\Documents\study\comp4411\animator\Animator\Release\vc140.pdb' 遺漏參考模組的偵錯資訊，當做沒有偵錯資訊，連結物件
fltk.lib(Fl_lock.obj) : warning LNK4204: 'C:\Users\vivia\Documents\study\comp4411\animator\Animator\Release\vc140.pdb' 遺漏參考模組的偵錯資訊，當做沒有偵錯資訊，連結物件
fltk.lib(Fl_Menu.obj) : warning LNK4204: 'C:\Users\vivia\Documents\study\comp4411\animator\Animator\Release\vc140.pdb' 遺漏參考模組的偵錯資訊，當做沒有偵錯資訊，連結物件
fltk.lib(Fl_Menu_.obj) : warning LNK4204: 'C:\Users\vivia\Documents\study\comp4411\animator\Animator\Release\vc140.pdb' 遺漏參考模組的偵錯資訊，當做沒有偵錯資訊，連結物件
fltk.lib(Fl_Menu_add.obj) : warning LNK4204: 'C:\Users\vivia\Documents\study\comp4411\animator\Animator\Release\vc140.pdb' 遺漏參考模組的偵錯資訊，當做沒有偵錯資訊，連結物件
fltk.lib(Fl_Menu_Bar.obj) : warning LNK4204: 'C:\Users\vivia\Documents\study\comp4411\animator\Animator\Release\vc140.pdb' 遺漏參考模組的偵錯資訊，當做沒有偵錯資訊，連結物件
fltk.lib(Fl_Menu_Button.obj) : warning LNK4204: 'C:\Users\vivia\Documents\study\comp4411\animator\Animator\Release\vc140.pdb' 遺漏參考模組的偵錯資訊，當做沒有偵錯資訊，連結物件
fltk.lib(Fl_Menu_Window.obj) : warning LNK4204: 'C:\Users\vivia\Documents\study\comp4411\animator\Animator\Release\vc140.pdb' 遺漏參考模組的偵錯資訊，當做沒有偵錯資訊，連結物件
fltk.lib(Fl_Overlay_Window.obj) : warning LNK4204: 'C:\Users\vivia\Documents\study\comp4411\animator\Animator\Release\vc140.pdb' 遺漏參考模組的偵錯資訊，當做沒有偵錯資訊，連結物件
fltk.lib(Fl_Pack.obj) : warning LNK4204: 'C:\Users\vivia\Documents\study\comp4411\animator\Animator\Release\vc140.pdb' 遺漏參考模組的偵錯資訊，當做沒有偵錯資訊，連結物件
fltk.lib(Fl_Pixmap.obj) : warning LNK4204: 'C:\Users\vivia\Documents\study\comp4411\animator\Animator\Release\vc140.pdb' 遺漏參考模組的偵錯資訊，當做沒有偵錯資訊，連結物件
fltk.lib(fl_plastic.obj) : warning LNK4204: 'C:\Users\vivia\Documents\study\comp4411\animator\Animator\Release\vc140.pdb' 遺漏參考模組的偵錯資訊，當做沒有偵錯資訊，連結物件
fltk.lib(Fl_Preferences.obj) : warning LNK4204: 'C:\Users\vivia\Documents\study\comp4411\animator\Animator\Release\vc140.pdb' 遺漏參考模組的偵錯資訊，當做沒有偵錯資訊，連結物件
fltk.lib(fl_read_image.obj) : warning LNK4204: 'C:\Users\vivia\Documents\study\comp4411\animator\Animator\Release\vc140.pdb' 遺漏參考模組的偵錯資訊，當做沒有偵錯資訊，連結物件
fltk.lib(fl_rect.obj) : warning LNK4204: 'C:\Users\vivia\Documents\study\comp4411\animator\Animator\Release\vc140.pdb' 遺漏參考模組的偵錯資訊，當做沒有偵錯資訊，連結物件
fltk.lib(Fl_Repeat_Button.obj) : warning LNK4204: 'C:\Users\vivia\Documents\study\comp4411\animator\Animator\Release\vc140.pdb' 遺漏參考模組的偵錯資訊，當做沒有偵錯資訊，連結物件
fltk.lib(Fl_Return_Button.obj) : warning LNK4204: 'C:\Users\vivia\Documents\study\comp4411\animator\Animator\Release\vc140.pdb' 遺漏參考模組的偵錯資訊，當做沒有偵錯資訊，連結物件
fltk.lib(fl_round_box.obj) : warning LNK4204: 'C:\Users\vivia\Documents\study\comp4411\animator\Animator\Release\vc140.pdb' 遺漏參考模組的偵錯資訊，當做沒有偵錯資訊，連結物件
fltk.lib(Fl_Scroll.obj) : warning LNK4204: 'C:\Users\vivia\Documents\study\comp4411\animator\Animator\Release\vc140.pdb' 遺漏參考模組的偵錯資訊，當做沒有偵錯資訊，連結物件
fltk.lib(fl_scroll_area.obj) : warning LNK4204: 'C:\Users\vivia\Documents\study\comp4411\animator\Animator\Release\vc140.pdb' 遺漏參考模組的偵錯資訊，當做沒有偵錯資訊，連結物件
fltk.lib(Fl_Scrollbar.obj) : warning LNK4204: 'C:\Users\vivia\Documents\study\comp4411\animator\Animator\Release\vc140.pdb' 遺漏參考模組的偵錯資訊，當做沒有偵錯資訊，連結物件
fltk.lib(Fl_Shared_Image.obj) : warning LNK4204: 'C:\Users\vivia\Documents\study\comp4411\animator\Animator\Release\vc140.pdb' 遺漏參考模組的偵錯資訊，當做沒有偵錯資訊，連結物件
fltk.lib(fl_shortcut.obj) : warning LNK4204: 'C:\Users\vivia\Documents\study\comp4411\animator\Animator\Release\vc140.pdb' 遺漏參考模組的偵錯資訊，當做沒有偵錯資訊，連結物件
fltk.lib(Fl_Single_Window.obj) : warning LNK4204: 'C:\Users\vivia\Documents\study\comp4411\animator\Animator\Release\vc140.pdb' 遺漏參考模組的偵錯資訊，當做沒有偵錯資訊，連結物件
fltk.lib(Fl_Slider.obj) : warning LNK4204: 'C:\Users\vivia\Documents\study\comp4411\animator\Animator\Release\vc140.pdb' 遺漏參考模組的偵錯資訊，當做沒有偵錯資訊，連結物件
fltk.lib(fl_symbols.obj) : warning LNK4204: 'C:\Users\vivia\Documents\study\comp4411\animator\Animator\Release\vc140.pdb' 遺漏參考模組的偵錯資訊，當做沒有偵錯資訊，連結物件
fltk.lib(Fl_Tabs.obj) : warning LNK4204: 'C:\Users\vivia\Documents\study\comp4411\animator\Animator\Release\vc140.pdb' 遺漏參考模組的偵錯資訊，當做沒有偵錯資訊，連結物件
fltk.lib(Fl_Tile.obj) : warning LNK4204: 'C:\Users\vivia\Documents\study\comp4411\animator\Animator\Release\vc140.pdb' 遺漏參考模組的偵錯資訊，當做沒有偵錯資訊，連結物件
fltk.lib(Fl_Tiled_Image.obj) : warning LNK4204: 'C:\Users\vivia\Documents\study\comp4411\animator\Animator\Release\vc140.pdb' 遺漏參考模組的偵錯資訊，當做沒有偵錯資訊，連結物件
fltk.lib(Fl_Tooltip.obj) : warning LNK4204: 'C:\Users\vivia\Documents\study\comp4411\animator\Animator\Release\vc140.pdb' 遺漏參考模組的偵錯資訊，當做沒有偵錯資訊，連結物件
fltk.lib(fl_utf.obj) : warning LNK4204: 'C:\Users\vivia\Documents\study\comp4411\animator\Animator\Release\vc140.pdb' 遺漏參考模組的偵錯資訊，當做沒有偵錯資訊，連結物件
fltk.lib(fl_utf8.obj) : warning LNK4204: 'C:\Users\vivia\Documents\study\comp4411\animator\Animator\Release\vc140.pdb' 遺漏參考模組的偵錯資訊，當做沒有偵錯資訊，連結物件
fltk.lib(Fl_Valuator.obj) : warning LNK4204: 'C:\Users\vivia\Documents\study\comp4411\animator\Animator\Release\vc140.pdb' 遺漏參考模組的偵錯資訊，當做沒有偵錯資訊，連結物件
fltk.lib(Fl_Value_Slider.obj) : warning LNK4204: 'C:\Users\vivia\Documents\study\comp4411\animator\Animator\Release\vc140.pdb' 遺漏參考模組的偵錯資訊，當做沒有偵錯資訊，連結物件
fltk.lib(fl_vertex.obj) : warning LNK4204: 'C:\Users\vivia\Documents\study\comp4411\animator\Animator\Release\vc140.pdb' 遺漏參考模組的偵錯資訊，當做沒有偵錯資訊，連結物件
fltk.lib(Fl_visual.obj) : warning LNK4204: 'C:\Users\vivia\Documents\study\comp4411\animator\Animator\Release\vc140.pdb' 遺漏參考模組的偵錯資訊，當做沒有偵錯資訊，連結物件
fltk.lib(Fl_Widget.obj) : warning LNK4204: 'C:\Users\vivia\Documents\study\comp4411\animator\Animator\Release\vc140.pdb' 遺漏參考模組的偵錯資訊，當做沒有偵錯資訊，連結物件
fltk.lib(Fl_Window.obj) : warning LNK4204: 'C:\Users\vivia\Documents\study\comp4411\animator\Animator\Release\vc140.pdb' 遺漏參考模組的偵錯資訊，當做沒有偵錯資訊，連結物件
fltk.lib(Fl_Window_fullscreen.obj) : warning LNK4204: 'C:\Users\vivia\Documents\study\comp4411\animator\Animator\Release\vc140.pdb' 遺漏參考模組的偵錯資訊，當做沒有偵錯資訊，連結物件
fltk.lib(Fl_Window_hotspot.obj) : warning LNK4204: 'C:\Users\vivia\Documents\study\comp4411\animator\Animator\Release\vc140.pdb' 遺漏參考模組的偵錯資訊，當做沒有偵錯資訊，連結物件
fltk.lib(Fl_Window_shape.obj) : warning LNK4204: 'C:\Users\vivia\Documents\study\comp4411\animator\Animator\Release\vc140.pdb' 遺漏參考模組的偵錯資訊，當做沒有偵錯資訊，連結物件
fltk.lib(Fl_XBM_Image.obj) : warning LNK4204: 'C:\Users\vivia\Documents\study\comp4411\animator\Animator\Release\vc140.pdb' 遺漏參考模組的偵錯資訊，當做沒有偵錯資訊，連結物件
fltk.lib(Fl_XPM_Image.obj) : warning LNK4204: 'C:\Users\vivia\Documents\study\comp4411\animator\Animator\Release\vc140.pdb' 遺漏參考模組的偵錯資訊，當做沒有偵錯資訊，連結物件
fltk.lib(flstring.obj) : warning LNK4204: 'C:\Users\vivia\Documents\study\comp4411\animator\Animator\Release\vc140.pdb' 遺漏參考模組的偵錯資訊，當做沒有偵錯資訊，連結物件
fltk.lib(is_spacing.obj) : warning LNK4204: 'C:\Users\vivia\Documents\study\comp4411\animator\Animator\Release\vc140.pdb' 遺漏參考模組的偵錯資訊，當做沒有偵錯資訊，連結物件
fltk.lib(numericsort.obj) : warning LNK4204: 'C:\Users\vivia\Documents\study\comp4411\animator\Animator\Release\vc140.pdb' 遺漏參考模組的偵錯資訊，當做沒有偵錯資訊，連結物件
fltk.lib(scandir.obj) : warning LNK4204: 'C:\Users\vivia\Documents\study\comp4411\animator\Animator\Release\vc140.pdb' 遺漏參考模組的偵錯資訊，當做沒有偵錯資訊，連結物件
fltk.lib(screen_xywh.obj) : warning LNK4204: 'C:\Users\vivia\Documents\study\comp4411\animator\Animator\Release\vc140.pdb' 遺漏參考模組的偵錯資訊，當做沒有偵錯資訊，連結物件
fltk.lib(vsnprintf.obj) : warning LNK4204: 'C:\Users\vivia\Documents\study\comp4411\animator\Animator\Release\vc140.pdb' 遺漏參考模組的偵錯資訊，當做沒有偵錯資訊，連結物件
fltkgl.lib(Fl_Gl_Choice.obj) : warning LNK4204: 'C:\Users\vivia\Documents\study\comp4411\animator\Animator\Release\vc140.pdb' 遺漏參考模組的偵錯資訊，當做沒有偵錯資訊，連結物件
fltkgl.lib(Fl_Gl_Device_Plugin.obj) : warning LNK4204: 'C:\Users\vivia\Documents\study\comp4411\animator\Animator\Release\vc140.pdb' 遺漏參考模組的偵錯資訊，當做沒有偵錯資訊，連結物件
fltkgl.lib(Fl_Gl_Window.obj) : warning LNK4204: 'C:\Users\vivia\Documents\study\comp4411\animator\Animator\Release\vc140.pdb' 遺漏參考模組的偵錯資訊，當做沒有偵錯資訊，連結物件
fltkgl.lib(gl_draw.obj) : warning LNK4204: 'C:\Users\vivia\Documents\study\comp4411\animator\Animator\Release\vc140.pdb' 遺漏參考模組的偵錯資訊，當做沒有偵錯資訊，連結物件
  Animator.vcxproj -> C:\Users\vivia\Documents\study\comp4411\animator\Animator\.\Release\modeler.exe
  Animator.vcxproj -> .\Release/Animator.pdb (Full PDB)
