c:\users\vivia\documents\study\comp4411\animator\animator\release\vc140.pdb
c:\users\vivia\documents\study\comp4411\animator\animator\release\rulerwindow.obj
c:\users\vivia\documents\study\comp4411\animator\animator\release\rect.obj
c:\users\vivia\documents\study\comp4411\animator\animator\release\indicatorwindow.obj
c:\users\vivia\documents\study\comp4411\animator\animator\release\graphwidget.obj
c:\users\vivia\documents\study\comp4411\animator\animator\release\pointobj.obj
c:\users\vivia\documents\study\comp4411\animator\animator\release\point.obj
c:\users\vivia\documents\study\comp4411\animator\animator\release\particlesystem.obj
c:\users\vivia\documents\study\comp4411\animator\animator\release\particle.obj
c:\users\vivia\documents\study\comp4411\animator\animator\release\bitmap.obj
c:\users\vivia\documents\study\comp4411\animator\animator\release\robotarm.obj
c:\users\vivia\documents\study\comp4411\animator\animator\release\modelerview.obj
c:\users\vivia\documents\study\comp4411\animator\animator\release\modeleruiwindows.obj
c:\users\vivia\documents\study\comp4411\animator\animator\release\modelerui.obj
c:\users\vivia\documents\study\comp4411\animator\animator\release\modelerdraw.obj
c:\users\vivia\documents\study\comp4411\animator\animator\release\modelerapp.obj
c:\users\vivia\documents\study\comp4411\animator\animator\release\camera.obj
c:\users\vivia\documents\study\comp4411\animator\animator\release\linearcurveevaluator.obj
c:\users\vivia\documents\study\comp4411\animator\animator\release\curveevaluator.obj
c:\users\vivia\documents\study\comp4411\animator\animator\release\curve.obj
c:\users\vivia\documents\study\comp4411\animator\animator\release\inversekinematics.obj
c:\users\vivia\documents\study\comp4411\animator\animator\release\animator.pdb
c:\users\vivia\documents\study\comp4411\animator\animator\release\modeler.tlog\cl.command.1.tlog
c:\users\vivia\documents\study\comp4411\animator\animator\release\modeler.tlog\cl.read.1.tlog
c:\users\vivia\documents\study\comp4411\animator\animator\release\modeler.tlog\cl.write.1.tlog
c:\users\vivia\documents\study\comp4411\animator\animator\release\modeler.tlog\link.16376-cvtres.read.1.tlog
c:\users\vivia\documents\study\comp4411\animator\animator\release\modeler.tlog\link.16376-cvtres.write.1.tlog
c:\users\vivia\documents\study\comp4411\animator\animator\release\modeler.tlog\link.16376-rc.read.1.tlog
c:\users\vivia\documents\study\comp4411\animator\animator\release\modeler.tlog\link.16376-rc.write.1.tlog
c:\users\vivia\documents\study\comp4411\animator\animator\release\modeler.tlog\link.16376.read.1.tlog
c:\users\vivia\documents\study\comp4411\animator\animator\release\modeler.tlog\link.16376.write.1.tlog
c:\users\vivia\documents\study\comp4411\animator\animator\release\modeler.tlog\link.command.1.tlog
c:\users\vivia\documents\study\comp4411\animator\animator\release\modeler.tlog\link.read.1.tlog
c:\users\vivia\documents\study\comp4411\animator\animator\release\modeler.tlog\link.write.1.tlog
